<?xml version="1.0" encoding="UTF-8"?>
<testsuite name="com.rmsoft_test.LibrarySystem.LibrarySystemApplicationTests" tests="1" skipped="0" failures="0" errors="0" timestamp="2023-09-05T12:49:33" hostname="gimdohyeong-ui-MacBookPro.local" time="0.041">
  <properties/>
  <testcase name="contextLoads()" classname="com.rmsoft_test.LibrarySystem.LibrarySystemApplicationTests" time="0.041"/>
  <system-out><![CDATA[21:49:26.249 [Test worker] DEBUG org.springframework.test.context.BootstrapUtils - Instantiating CacheAwareContextLoaderDelegate from class [org.springframework.test.context.cache.DefaultCacheAwareContextLoaderDelegate]
21:49:26.253 [Test worker] DEBUG org.springframework.test.context.BootstrapUtils - Instantiating BootstrapContext using constructor [public org.springframework.test.context.support.DefaultBootstrapContext(java.lang.Class,org.springframework.test.context.CacheAwareContextLoaderDelegate)]
21:49:26.269 [Test worker] DEBUG org.springframework.test.context.BootstrapUtils - Instantiating TestContextBootstrapper for test class [com.rmsoft_test.LibrarySystem.LibrarySystemApplicationTests] from class [org.springframework.boot.test.context.SpringBootTestContextBootstrapper]
21:49:26.273 [Test worker] INFO org.springframework.boot.test.context.SpringBootTestContextBootstrapper - Neither @ContextConfiguration nor @ContextHierarchy found for test class [com.rmsoft_test.LibrarySystem.LibrarySystemApplicationTests], using SpringBootContextLoader
21:49:26.274 [Test worker] DEBUG org.springframework.test.context.support.AbstractContextLoader - Did not detect default resource location for test class [com.rmsoft_test.LibrarySystem.LibrarySystemApplicationTests]: class path resource [com/rmsoft_test/LibrarySystem/LibrarySystemApplicationTests-context.xml] does not exist
21:49:26.274 [Test worker] DEBUG org.springframework.test.context.support.AbstractContextLoader - Did not detect default resource location for test class [com.rmsoft_test.LibrarySystem.LibrarySystemApplicationTests]: class path resource [com/rmsoft_test/LibrarySystem/LibrarySystemApplicationTestsContext.groovy] does not exist
21:49:26.275 [Test worker] INFO org.springframework.test.context.support.AbstractContextLoader - Could not detect default resource locations for test class [com.rmsoft_test.LibrarySystem.LibrarySystemApplicationTests]: no resource found for suffixes {-context.xml, Context.groovy}.
21:49:26.275 [Test worker] INFO org.springframework.test.context.support.AnnotationConfigContextLoaderUtils - Could not detect default configuration classes for test class [com.rmsoft_test.LibrarySystem.LibrarySystemApplicationTests]: LibrarySystemApplicationTests does not declare any static, non-private, non-final, nested classes annotated with @Configuration.
21:49:26.290 [Test worker] DEBUG org.springframework.test.context.support.ActiveProfilesUtils - Could not find an 'annotation declaring class' for annotation type [org.springframework.test.context.ActiveProfiles] and class [com.rmsoft_test.LibrarySystem.LibrarySystemApplicationTests]
21:49:26.309 [Test worker] DEBUG org.springframework.context.annotation.ClassPathScanningCandidateComponentProvider - Identified candidate component class: file [/Users/kimdohyeong/Desktop/DH/Project/Library-System/build/classes/java/main/com/rmsoft_test/LibrarySystem/LibrarySystemApplication.class]
21:49:26.309 [Test worker] INFO org.springframework.boot.test.context.SpringBootTestContextBootstrapper - Found @SpringBootConfiguration com.rmsoft_test.LibrarySystem.LibrarySystemApplication for test class com.rmsoft_test.LibrarySystem.LibrarySystemApplicationTests
21:49:26.347 [Test worker] DEBUG org.springframework.boot.test.context.SpringBootTestContextBootstrapper - @TestExecutionListeners is not present for class [com.rmsoft_test.LibrarySystem.LibrarySystemApplicationTests]: using defaults.
21:49:26.348 [Test worker] INFO org.springframework.boot.test.context.SpringBootTestContextBootstrapper - Loaded default TestExecutionListener class names from location [META-INF/spring.factories]: [org.springframework.boot.test.autoconfigure.restdocs.RestDocsTestExecutionListener, org.springframework.boot.test.autoconfigure.web.client.MockRestServiceServerResetTestExecutionListener, org.springframework.boot.test.autoconfigure.web.servlet.MockMvcPrintOnlyOnFailureTestExecutionListener, org.springframework.boot.test.autoconfigure.web.servlet.WebDriverTestExecutionListener, org.springframework.boot.test.autoconfigure.webservices.client.MockWebServiceServerTestExecutionListener, org.springframework.boot.test.mock.mockito.MockitoTestExecutionListener, org.springframework.boot.test.mock.mockito.ResetMocksTestExecutionListener, org.springframework.test.context.web.ServletTestExecutionListener, org.springframework.test.context.support.DirtiesContextBeforeModesTestExecutionListener, org.springframework.test.context.event.ApplicationEventsTestExecutionListener, org.springframework.test.context.support.DependencyInjectionTestExecutionListener, org.springframework.test.context.support.DirtiesContextTestExecutionListener, org.springframework.test.context.transaction.TransactionalTestExecutionListener, org.springframework.test.context.jdbc.SqlScriptsTestExecutionListener, org.springframework.test.context.event.EventPublishingTestExecutionListener]
21:49:26.354 [Test worker] INFO org.springframework.boot.test.context.SpringBootTestContextBootstrapper - Using TestExecutionListeners: [org.springframework.test.context.web.ServletTestExecutionListener@51a06cbe, org.springframework.test.context.support.DirtiesContextBeforeModesTestExecutionListener@3dddbe65, org.springframework.test.context.event.ApplicationEventsTestExecutionListener@49a64d82, org.springframework.boot.test.mock.mockito.MockitoTestExecutionListener@344561e0, org.springframework.boot.test.autoconfigure.SpringBootDependencyInjectionTestExecutionListener@66d23e4a, org.springframework.test.context.support.DirtiesContextTestExecutionListener@36ac8a63, org.springframework.test.context.transaction.TransactionalTestExecutionListener@4d9d1b69, org.springframework.test.context.jdbc.SqlScriptsTestExecutionListener@52c8295b, org.springframework.test.context.event.EventPublishingTestExecutionListener@251f7d26, org.springframework.boot.test.autoconfigure.restdocs.RestDocsTestExecutionListener@77b21474, org.springframework.boot.test.autoconfigure.web.client.MockRestServiceServerResetTestExecutionListener@52d10fb8, org.springframework.boot.test.autoconfigure.web.servlet.MockMvcPrintOnlyOnFailureTestExecutionListener@41c07648, org.springframework.boot.test.autoconfigure.web.servlet.WebDriverTestExecutionListener@1fe8d51b, org.springframework.boot.test.autoconfigure.webservices.client.MockWebServiceServerTestExecutionListener@781e7326, org.springframework.boot.test.mock.mockito.ResetMocksTestExecutionListener@22680f52]
21:49:26.356 [Test worker] DEBUG org.springframework.test.context.support.AbstractDirtiesContextTestExecutionListener - Before test class: context [DefaultTestContext@69c43e48 testClass = LibrarySystemApplicationTests, testInstance = [null], testMethod = [null], testException = [null], mergedContextConfiguration = [WebMergedContextConfiguration@1804f60d testClass = LibrarySystemApplicationTests, locations = '{}', classes = '{class com.rmsoft_test.LibrarySystem.LibrarySystemApplication}', contextInitializerClasses = '[]', activeProfiles = '{}', propertySourceLocations = '{}', propertySourceProperties = '{org.springframework.boot.test.context.SpringBootTestContextBootstrapper=true}', contextCustomizers = set[org.springframework.boot.test.autoconfigure.actuate.metrics.MetricsExportContextCustomizerFactory$DisableMetricExportContextCustomizer@5e81e5ac, org.springframework.boot.test.autoconfigure.properties.PropertyMappingContextCustomizer@0, org.springframework.boot.test.autoconfigure.web.servlet.WebDriverContextCustomizerFactory$Customizer@607fbe09, org.springframework.boot.test.context.filter.ExcludeFilterContextCustomizer@3382f8ae, org.springframework.boot.test.json.DuplicateJsonObjectContextCustomizerFactory$DuplicateJsonObjectContextCustomizer@a5bd950, org.springframework.boot.test.mock.mockito.MockitoContextCustomizer@0, org.springframework.boot.test.web.client.TestRestTemplateContextCustomizer@163d04ff, org.springframework.boot.test.context.SpringBootTestArgs@1, org.springframework.boot.test.context.SpringBootTestWebEnvironment@776a6d9b], resourceBasePath = 'src/main/webapp', contextLoader = 'org.springframework.boot.test.context.SpringBootContextLoader', parent = [null]], attributes = map['org.springframework.test.context.web.ServletTestExecutionListener.activateListener' -> true]], class annotated with @DirtiesContext [false] with mode [null].

  .   ____          _            __ _ _
 /\\ / ___'_ __ _ _(_)_ __  __ _ \ \ \ \
( ( )\___ | '_ | '_| | '_ \/ _` | \ \ \ \
 \\/  ___)| |_)| | | | | || (_| |  ) ) ) )
  '  |____| .__|_| |_|_| |_\__, | / / / /
 =========|_|==============|___/=/_/_/_/
 :: Spring Boot ::               (v2.7.15)

2023-09-05 21:49:31.527  INFO 7677 --- [    Test worker] c.r.L.LibrarySystemApplicationTests      : Starting LibrarySystemApplicationTests using Java 11.0.20 on gimdohyeong-ui-MacBookPro.local with PID 7677 (started by kimdohyeong in /Users/kimdohyeong/Desktop/DH/Project/Library-System)
2023-09-05 21:49:31.527  INFO 7677 --- [    Test worker] c.r.L.LibrarySystemApplicationTests      : No active profile set, falling back to 1 default profile: "default"
2023-09-05 21:49:31.792  INFO 7677 --- [    Test worker] .s.d.r.c.RepositoryConfigurationDelegate : Bootstrapping Spring Data JPA repositories in DEFAULT mode.
2023-09-05 21:49:31.814  INFO 7677 --- [    Test worker] .s.d.r.c.RepositoryConfigurationDelegate : Finished Spring Data repository scanning in 18 ms. Found 1 JPA repository interfaces.
2023-09-05 21:49:31.996  INFO 7677 --- [    Test worker] com.zaxxer.hikari.HikariDataSource       : HikariPool-1 - Starting...
2023-09-05 21:49:32.089  INFO 7677 --- [    Test worker] com.zaxxer.hikari.HikariDataSource       : HikariPool-1 - Start completed.
2023-09-05 21:49:32.115  INFO 7677 --- [    Test worker] o.hibernate.jpa.internal.util.LogHelper  : HHH000204: Processing PersistenceUnitInfo [name: default]
2023-09-05 21:49:32.136  INFO 7677 --- [    Test worker] org.hibernate.Version                    : HHH000412: Hibernate ORM core version 5.6.15.Final
2023-09-05 21:49:32.205  INFO 7677 --- [    Test worker] o.hibernate.annotations.common.Version   : HCANN000001: Hibernate Commons Annotations {5.1.2.Final}
2023-09-05 21:49:32.255  INFO 7677 --- [    Test worker] org.hibernate.dialect.Dialect            : HHH000400: Using dialect: org.hibernate.dialect.H2Dialect
2023-09-05 21:49:32.494  INFO 7677 --- [    Test worker] o.h.e.t.j.p.i.JtaPlatformInitiator       : HHH000490: Using JtaPlatform implementation: [org.hibernate.engine.transaction.jta.platform.internal.NoJtaPlatform]
2023-09-05 21:49:32.498  INFO 7677 --- [    Test worker] j.LocalContainerEntityManagerFactoryBean : Initialized JPA EntityManagerFactory for persistence unit 'default'
2023-09-05 21:49:32.746  INFO 7677 --- [    Test worker] o.s.s.web.DefaultSecurityFilterChain     : Will secure any request with [org.springframework.security.web.session.DisableEncodeUrlFilter@3b1895e, org.springframework.security.web.context.request.async.WebAsyncManagerIntegrationFilter@3083e6ef, org.springframework.security.web.context.SecurityContextPersistenceFilter@47b494ce, org.springframework.security.web.header.HeaderWriterFilter@5ec06e97, org.springframework.security.web.authentication.logout.LogoutFilter@1bb78ae, org.springframework.security.web.authentication.UsernamePasswordAuthenticationFilter@73dd3a46, org.springframework.security.web.authentication.ui.DefaultLoginPageGeneratingFilter@3d1c8f35, org.springframework.security.web.authentication.ui.DefaultLogoutPageGeneratingFilter@6d57b264, org.springframework.security.web.savedrequest.RequestCacheAwareFilter@38834000, org.springframework.security.web.servletapi.SecurityContextHolderAwareRequestFilter@5b72b13a, org.springframework.security.web.authentication.AnonymousAuthenticationFilter@782ed745, org.springframework.security.web.session.SessionManagementFilter@3d6745ed, org.springframework.security.web.access.ExceptionTranslationFilter@d763b06, org.springframework.security.web.access.intercept.FilterSecurityInterceptor@3b399f5a]
2023-09-05 21:49:32.825  WARN 7677 --- [    Test worker] JpaBaseConfiguration$JpaWebConfiguration : spring.jpa.open-in-view is enabled by default. Therefore, database queries may be performed during view rendering. Explicitly configure spring.jpa.open-in-view to disable this warning
2023-09-05 21:49:32.932  INFO 7677 --- [    Test worker] o.s.b.a.h2.H2ConsoleAutoConfiguration    : H2 console available at '/h2-console'. Database available at 'jdbc:h2:~/test'
2023-09-05 21:49:33.040  INFO 7677 --- [    Test worker] c.r.L.LibrarySystemApplicationTests      : Started LibrarySystemApplicationTests in 6.666 seconds (JVM running for 7.124)
]]></system-out>
  <system-err><![CDATA[]]></system-err>
</testsuite>
